Starting tagger fitter
Which root:/cvmfs/sft.cern.ch/lcg/app/releases/ROOT/6.16.00/x86_64-centos7-gcc48-opt/bin/root
Lib path:/cvmfs/sft.cern.ch/lcg/app/releases/ROOT/6.16.00/x86_64-centos7-gcc48-opt/lib:/cvmfs/sft.cern.ch/lcg/contrib/gcc/4.8/x86_64-centos7-gcc48-opt/lib64
Im in /afs/cern.ch/work/j/jniedzie/private/disapp_tracks/disappTracks/buildTaggerFitter
INFO -- Successfully read config file: ../configs/helixTagger_maxHits_auc.md
Reading events from:../pionSignal/after_L2/all/tree.root
Opening friend file
Reading friend tree... done
Loading events
Reading events from:../pionSignal/after_L2/all/tree.root
Opening friend file
Reading friend tree... done
Loading events
Reading events from:../pionSignal/after_L2/all/tree.root
Opening friend file
Reading friend tree... done
Loading events
Reading events from:../pionSignal/after_L2/all/tree.root
Opening friend file
Reading friend tree... done
Loading events
Reading events from:../pionSignal/after_L2/all/tree.root
Opening friend file
Reading friend tree... done
Loading events
Reading events from:../pionSignal/after_L2/all/tree.root
Opening friend file
Reading friend tree... done
Loading events
Reading events from:../pionSignal/after_L2/all/tree.root
Opening friend file
Reading friend tree... done
Loading events
Reading events from:../pionSignal/after_L2/all/tree.root
Opening friend file
Reading friend tree... done
Loading events
Reading events from:../pionSignal/after_L2/all/tree.root
Opening friend file
Reading friend tree... done
Loading events
Reading events from:../pionSignal/after_L2/all/tree.root
Opening friend file
Reading friend tree... done
Loading events
Reading events from:../pionSignal/after_L2/all/tree.root
Opening friend file
Reading friend tree... done
Loading events
Reading events from:../pionSignal/after_L2/all/tree.root
Opening friend file
Reading friend tree... done
Loading events
Reading events from:../pionSignal/after_L2/all/tree.root
Opening friend file
Reading friend tree... done
Loading events
Reading events from:../pionSignal/after_L2/all/tree.root
Opening friend file
Reading friend tree... done
Loading events
Reading events from:../pionSignal/after_L2/all/tree.root
Opening friend file
Reading friend tree... done
Loading events
Reading events from:../pionSignal/after_L2/all/tree.root
Opening friend file
Reading friend tree... done
Loading events
Reading events from:../pionSignal/after_L2/all/tree.root
Opening friend file
Reading friend tree... done
Loading events
Reading events from:../pionSignal/after_L2/all/tree.root
Opening friend file
Reading friend tree... done
Loading events
Reading events from:../pionSignal/after_L2/all/tree.root
Opening friend file
Reading friend tree... done
Loading events
Reading events from:../pionSignal/after_L2/all/tree.root
Opening friend file
Reading friend tree... done
Loading events
Reading events from:../pionSignal/after_L2/all/tree.root
Opening friend file
Reading friend tree... done
Loading events
Reading events from:../pionSignal/after_L2/all/tree.root
Opening friend file
Reading friend tree... done
Loading events
Reading events from:../pionSignal/after_L2/all/tree.root
Opening friend file
Reading friend tree... done
Loading events
Reading events from:../pionSignal/after_L2/all/tree.root
Opening friend file
Reading friend tree... done
Loading events
Reading events from:../pionSignal/after_L2/all/tree.root
Opening friend file
Reading friend tree... done
Loading events
Reading events from:../pionSignal/after_L2/all/tree.root
Opening friend file
Reading friend tree... done
Loading events
Reading events from:../pionSignal/after_L2/all/tree.root
Opening friend file
Reading friend tree... done
Loading events
Reading events from:../pionSignal/after_L2/all/tree.root
Opening friend file
Reading friend tree... done
Loading events
Reading events from:../pionSignal/after_L2/all/tree.root
Opening friend file
Reading friend tree... done
Loading events
Reading events from:../pionSignal/after_L2/all/tree.root
Opening friend file
Reading friend tree... done
Loading events
Reading events from:../pionSignal/after_L2/all/tree.root
Opening friend file
Reading friend tree... done
Loading events
Reading events from:../pionSignal/after_L2/all/tree.root
Opening friend file
Reading friend tree... done
Loading events
Reading events from:../pionSignal/after_L2/all/tree.root
Opening friend file
Reading friend tree... done
Loading events
Reading events from:../pionSignal/after_L2/all/tree.root
Opening friend file
Reading friend tree... done
Loading events
Reading events from:../pionSignal/after_L2/all/tree.root
Opening friend file
Reading friend tree... done
Loading events
Reading events from:../pionSignal/after_L2/all/tree.root
Opening friend file
Reading friend tree... done
Loading events
Reading events from:../pionSignal/after_L2/all/tree.root
Opening friend file
Reading friend tree... done
Loading events
Reading events from:../pionSignal/after_L2/all/tree.root
Opening friend file
Reading friend tree... done
Loading events
Reading events from:../pionSignal/after_L2/all/tree.root
Opening friend file
Reading friend tree... done
Loading events
Reading events from:../pionSignal/after_L2/all/tree.root
Opening friend file
Reading friend tree... done
Loading events
Reading events from:../pionSignal/after_L2/all/tree.root
Opening friend file
Reading friend tree... done
Loading events
Reading events from:../pionSignal/after_L2/all/tree.root
Opening friend file
Reading friend tree... done
Loading events
Reading events from:../pionSignal/after_L2/all/tree.root
Opening friend file
Reading friend tree... done
Loading events
Reading events from:../pionSignal/after_L2/all/tree.root
Opening friend file
Reading friend tree... done
Loading events
Reading events from:../pionSignal/after_L2/all/tree.root
Opening friend file
Reading friend tree... done
Loading events
Reading events from:../pionSignal/after_L2/all/tree.root
Opening friend file
Reading friend tree... done
Loading events
Reading events from:../pionSignal/after_L2/all/tree.root
Opening friend file
Reading friend tree... done
Loading events
Reading events from:../pionSignal/after_L2/all/tree.root
Opening friend file
Reading friend tree... done
Loading events
Reading events from:../pionSignal/after_L2/all/tree.root
Opening friend file
Reading friend tree... done
Loading events
Reading events from:../pionSignal/after_L2/all/tree.root
Opening friend file
Reading friend tree... done
Loading events
Reading events from:../pionSignal/after_L2/all/tree.root
Opening friend file
Reading friend tree... done
Loading events
Reading events from:../pionSignal/after_L2/all/tree.root
Opening friend file
Reading friend tree... done
Loading events
Reading events from:../pionSignal/after_L2/all/tree.root
Opening friend file
Reading friend tree... done
Loading events
Reading events from:../pionSignal/after_L2/all/tree.root
Opening friend file
Reading friend tree... done
Loading events
Reading events from:../pionSignal/after_L2/all/tree.root
Opening friend file
Reading friend tree... done
Loading events
Reading events from:../pionSignal/after_L2/all/tree.root
Opening friend file
Reading friend tree... done
Loading events
Reading events from:../pionSignal/after_L2/all/tree.root
Opening friend file
Reading friend tree... done
Loading events
Reading events from:../pionSignal/after_L2/all/tree.root
Opening friend file
Reading friend tree... done
Loading events
Reading events from:../pionSignal/after_L2/all/tree.root
Opening friend file
Reading friend tree... done
Loading events
Reading events from:../pionSignal/after_L2/all/tree.root
Opening friend file
Reading friend tree... done
Loading events
Reading events from:../pionSignal/after_L2/all/tree.root
Opening friend file
Reading friend tree... done
Loading events
Reading events from:../pionSignal/after_L2/all/tree.root
Opening friend file
Reading friend tree... done
Loading events
Reading events from:../pionSignal/after_L2/all/tree.root
Opening friend file
Reading friend tree... done
Loading events
Reading events from:../pionSignal/after_L2/all/tree.root
Opening friend file
Reading friend tree... done
Loading events
Reading events from:../pionSignal/after_L2/all/tree.root
Opening friend file
Reading friend tree... done
Loading events
Reading events from:../pionSignal/after_L2/all/tree.root
Opening friend file
Reading friend tree... done
Loading events
Reading events from:../pionSignal/after_L2/all/tree.root
Opening friend file
Reading friend tree... done
Loading events
Reading events from:../pionSignal/after_L2/all/tree.root
Opening friend file
Reading friend tree... done
Loading events
Reading events from:../pionSignal/after_L2/all/tree.root
Opening friend file
Reading friend tree... done
Loading events
Reading events from:../pionSignal/after_L2/all/tree.root
Opening friend file
Reading friend tree... done
Loading events
Reading events from:../pionSignal/after_L2/all/tree.root
Opening friend file
Reading friend tree... done
Loading events
Reading events from:../pionSignal/after_L2/all/tree.root
Opening friend file
Reading friend tree... done
Loading events
Reading events from:../pionSignal/after_L2/all/tree.root
Opening friend file
Reading friend tree... done
Loading events
Reading events from:../pionSignal/after_L2/all/tree.root
Opening friend file
Reading friend tree... done
Loading events
Reading events from:../pionSignal/after_L2/all/tree.root
Opening friend file
Reading friend tree... done
Loading events
Reading events from:../pionSignal/after_L2/all/tree.root
Opening friend file
Reading friend tree... done
Loading events
Reading events from:../pionSignal/after_L2/all/tree.root
Opening friend file
Reading friend tree... done
Loading events
Reading events from:../pionSignal/after_L2/all/tree.root
Opening friend file
Reading friend tree... done
Loading events
Reading events from:../pionSignal/after_L2/all/tree.root
Opening friend file
Reading friend tree... done
Loading events
Reading events from:../pionSignal/after_L2/all/tree.root
Opening friend file
Reading friend tree... done
Loading events
Reading events from:../pionSignal/after_L2/all/tree.root
Opening friend file
Reading friend tree... done
Loading events
Reading events from:../pionSignal/after_L2/all/tree.root
Opening friend file
Reading friend tree... done
Loading events
Reading events from:../pionSignal/after_L2/all/tree.root
Opening friend file
Reading friend tree... done
Loading events
Reading events from:../pionSignal/after_L2/all/tree.root
Opening friend file
Reading friend tree... done
Loading events
Reading events from:../pionSignal/after_L2/all/tree.root
Opening friend file
Reading friend tree... done
Loading events
Reading events from:../pionSignal/after_L2/all/tree.root
Opening friend file
Reading friend tree... done
Loading events
Reading events from:../pionSignal/after_L2/all/tree.root
Opening friend file
Reading friend tree... done
Loading events
Reading events from:../pionSignal/after_L2/all/tree.root
Opening friend file
Reading friend tree... done
Loading events
Reading events from:../pionSignal/after_L2/all/tree.root
Opening friend file
Reading friend tree... done
Loading events
Reading events from:../pionSignal/after_L2/all/tree.root
Opening friend file
Reading friend tree... done
Loading events
Reading events from:../pionSignal/after_L2/all/tree.root
Opening friend file
Reading friend tree... done
Loading events
Reading events from:../pionSignal/after_L2/all/tree.root
Opening friend file
Reading friend tree... done
Loading events
Reading events from:../pionSignal/after_L2/all/tree.root
Opening friend file
Reading friend tree... done
Loading events
Reading events from:../pionSignal/after_L2/all/tree.root
Opening friend file
Reading friend tree... done
Loading events
Reading events from:../pionSignal/after_L2/all/tree.root
Opening friend file
Reading friend tree... done
Loading events
Reading events from:../pionSignal/after_L2/all/tree.root
Opening friend file
Reading friend tree... done
Loading events
Reading events from:../pionSignal/after_L2/all/tree.root
Opening friend file
Reading friend tree... done
Loading events
Reading events from:../pionSignal/after_L2/all/tree.root
Opening friend file
Reading friend tree... done
Loading events
Reading events from:../pionSignal/after_L2/all/tree.root
Opening friend file
Reading friend tree... done
Loading events
Reading events from:../pionSignal/after_L2/all/tree.root
Opening friend file
Reading friend tree... done
Loading events
