000 (2650827.000.000) 06/21 16:43:14 Job submitted from host: <137.138.44.75:9618?addrs=137.138.44.75-9618+[2001-1458-d00-1a--b]-9618&noUDP&sock=2414510_9baf_96>
...
001 (2650827.000.000) 06/21 16:52:03 Job executing on host: <188.184.132.172:9618?addrs=188.184.132.172-9618+[2001-1458-301-a0--100-ee]-9618&noUDP&sock=16703_727a_3>
...
006 (2650827.000.000) 06/21 16:52:20 Image size of job updated: 135736
	90  -  MemoryUsage of job (MB)
	91848  -  ResidentSetSize of job (KB)
...
006 (2650827.000.000) 06/21 16:57:20 Image size of job updated: 8960096
	8702  -  MemoryUsage of job (MB)
	8910820  -  ResidentSetSize of job (KB)
...
006 (2650827.000.000) 06/21 17:02:20 Image size of job updated: 9077716
	8817  -  MemoryUsage of job (MB)
	9028440  -  ResidentSetSize of job (KB)
...
006 (2650827.000.000) 06/21 17:07:21 Image size of job updated: 9211516
	8859  -  MemoryUsage of job (MB)
	9071280  -  ResidentSetSize of job (KB)
...
006 (2650827.000.000) 06/21 17:12:22 Image size of job updated: 9281360
	8859  -  MemoryUsage of job (MB)
	9071284  -  ResidentSetSize of job (KB)
...
006 (2650827.000.000) 06/21 17:17:22 Image size of job updated: 9352660
	8859  -  MemoryUsage of job (MB)
	9071284  -  ResidentSetSize of job (KB)
...
006 (2650827.000.000) 06/21 17:22:22 Image size of job updated: 9447084
	8859  -  MemoryUsage of job (MB)
	9071284  -  ResidentSetSize of job (KB)
...
006 (2650827.000.000) 06/21 17:27:23 Image size of job updated: 9587788
	8859  -  MemoryUsage of job (MB)
	9071284  -  ResidentSetSize of job (KB)
...
006 (2650827.000.000) 06/21 17:32:24 Image size of job updated: 9718444
	8859  -  MemoryUsage of job (MB)
	9071284  -  ResidentSetSize of job (KB)
...
006 (2650827.000.000) 06/21 17:37:24 Image size of job updated: 9851220
	8859  -  MemoryUsage of job (MB)
	9071284  -  ResidentSetSize of job (KB)
...
006 (2650827.000.000) 06/21 17:42:24 Image size of job updated: 9988152
	8859  -  MemoryUsage of job (MB)
	9071284  -  ResidentSetSize of job (KB)
...
006 (2650827.000.000) 06/21 17:47:25 Image size of job updated: 10116424
	8859  -  MemoryUsage of job (MB)
	9071284  -  ResidentSetSize of job (KB)
...
006 (2650827.000.000) 06/21 17:52:26 Image size of job updated: 10262596
	8859  -  MemoryUsage of job (MB)
	9071284  -  ResidentSetSize of job (KB)
...
006 (2650827.000.000) 06/21 17:57:26 Image size of job updated: 10391400
	8859  -  MemoryUsage of job (MB)
	9071284  -  ResidentSetSize of job (KB)
...
006 (2650827.000.000) 06/21 18:02:26 Image size of job updated: 10532164
	8859  -  MemoryUsage of job (MB)
	9071284  -  ResidentSetSize of job (KB)
...
006 (2650827.000.000) 06/21 18:07:27 Image size of job updated: 10675228
	8859  -  MemoryUsage of job (MB)
	9071284  -  ResidentSetSize of job (KB)
...
006 (2650827.000.000) 06/21 18:12:28 Image size of job updated: 10777360
	8859  -  MemoryUsage of job (MB)
	9071284  -  ResidentSetSize of job (KB)
...
006 (2650827.000.000) 06/21 18:17:28 Image size of job updated: 10934748
	8859  -  MemoryUsage of job (MB)
	9071284  -  ResidentSetSize of job (KB)
...
006 (2650827.000.000) 06/21 18:22:28 Image size of job updated: 11039440
	8859  -  MemoryUsage of job (MB)
	9071284  -  ResidentSetSize of job (KB)
...
006 (2650827.000.000) 06/21 18:27:29 Image size of job updated: 11161724
	8859  -  MemoryUsage of job (MB)
	9071284  -  ResidentSetSize of job (KB)
...
006 (2650827.000.000) 06/21 18:32:30 Image size of job updated: 11326648
	8859  -  MemoryUsage of job (MB)
	9071284  -  ResidentSetSize of job (KB)
...
006 (2650827.000.000) 06/21 18:37:30 Image size of job updated: 11447520
	8859  -  MemoryUsage of job (MB)
	9071284  -  ResidentSetSize of job (KB)
...
006 (2650827.000.000) 06/21 18:42:30 Image size of job updated: 11557712
	8859  -  MemoryUsage of job (MB)
	9071284  -  ResidentSetSize of job (KB)
...
006 (2650827.000.000) 06/21 18:47:31 Image size of job updated: 11717116
	8859  -  MemoryUsage of job (MB)
	9071284  -  ResidentSetSize of job (KB)
...
006 (2650827.000.000) 06/21 18:52:31 Image size of job updated: 11836916
	8859  -  MemoryUsage of job (MB)
	9071284  -  ResidentSetSize of job (KB)
...
006 (2650827.000.000) 06/21 18:57:31 Image size of job updated: 11945200
	8859  -  MemoryUsage of job (MB)
	9071284  -  ResidentSetSize of job (KB)
...
006 (2650827.000.000) 06/21 19:02:33 Image size of job updated: 12045536
	8859  -  MemoryUsage of job (MB)
	9071284  -  ResidentSetSize of job (KB)
...
006 (2650827.000.000) 06/21 19:07:33 Image size of job updated: 12180708
	8859  -  MemoryUsage of job (MB)
	9071284  -  ResidentSetSize of job (KB)
...
006 (2650827.000.000) 06/21 19:12:33 Image size of job updated: 12337036
	8859  -  MemoryUsage of job (MB)
	9071284  -  ResidentSetSize of job (KB)
...
006 (2650827.000.000) 06/21 19:17:34 Image size of job updated: 12462856
	8859  -  MemoryUsage of job (MB)
	9071284  -  ResidentSetSize of job (KB)
...
006 (2650827.000.000) 06/21 19:22:53 Image size of job updated: 12560228
	8859  -  MemoryUsage of job (MB)
	9071284  -  ResidentSetSize of job (KB)
...
006 (2650827.000.000) 06/21 19:27:35 Image size of job updated: 12668624
	8859  -  MemoryUsage of job (MB)
	9071284  -  ResidentSetSize of job (KB)
...
001 (2650827.000.000) 06/21 19:40:36 Job executing on host: <188.185.168.44:9618?addrs=188.185.168.44-9618+[2001-1459-301-a8--100-2c]-9618&noUDP&sock=19425_8345_1548>
...
005 (2650827.000.000) 06/21 19:50:00 Job terminated.
	(1) Normal termination (return value 137)
		Usr 0 00:00:38, Sys 0 00:00:31  -  Run Remote Usage
		Usr 0 00:00:00, Sys 0 00:00:00  -  Run Local Usage
		Usr 0 00:00:38, Sys 0 00:00:31  -  Total Remote Usage
		Usr 0 00:00:00, Sys 0 00:00:00  -  Total Local Usage
	12599  -  Run Bytes Sent By Job
	602  -  Run Bytes Received By Job
	12599  -  Total Bytes Sent By Job
	1204  -  Total Bytes Received By Job
	Partitionable Resources :    Usage  Request Allocated
	   Cpus                 :                 1          
	   Disk (KB)            :       30       30   2139363
	   Memory (MB)          :     9766     2000      2000
...
