000 (2661398.000.000) 06/24 08:05:39 Job submitted from host: <137.138.44.75:9618?addrs=137.138.44.75-9618+[2001-1458-d00-1a--b]-9618&noUDP&sock=2414510_9baf_96>
...
001 (2661398.000.000) 06/24 08:09:44 Job executing on host: <188.184.254.21:9618?addrs=188.184.254.21-9618+[2001-1458-301-8--100-28]-9618&noUDP&sock=5703_5cb3_3>
...
006 (2661398.000.000) 06/24 08:09:52 Image size of job updated: 49696
	26  -  MemoryUsage of job (MB)
	25688  -  ResidentSetSize of job (KB)
...
006 (2661398.000.000) 06/24 08:14:52 Image size of job updated: 8947324
	5885  -  MemoryUsage of job (MB)
	6025240  -  ResidentSetSize of job (KB)
...
006 (2661398.000.000) 06/24 08:19:52 Image size of job updated: 9075224
	6011  -  MemoryUsage of job (MB)
	6154584  -  ResidentSetSize of job (KB)
...
006 (2661398.000.000) 06/24 08:24:52 Image size of job updated: 9217148
	6150  -  MemoryUsage of job (MB)
	6297056  -  ResidentSetSize of job (KB)
...
006 (2661398.000.000) 06/24 08:29:53 Image size of job updated: 9363336
	6150  -  MemoryUsage of job (MB)
	6297060  -  ResidentSetSize of job (KB)
...
006 (2661398.000.000) 06/24 08:34:53 Image size of job updated: 9499672
	6150  -  MemoryUsage of job (MB)
	6297060  -  ResidentSetSize of job (KB)
...
006 (2661398.000.000) 06/24 08:39:54 Image size of job updated: 9636868
	6150  -  MemoryUsage of job (MB)
	6297060  -  ResidentSetSize of job (KB)
...
006 (2661398.000.000) 06/24 08:44:55 Image size of job updated: 9792608
	6150  -  MemoryUsage of job (MB)
	6297060  -  ResidentSetSize of job (KB)
...
006 (2661398.000.000) 06/24 08:49:55 Image size of job updated: 9918572
	6150  -  MemoryUsage of job (MB)
	6297060  -  ResidentSetSize of job (KB)
...
006 (2661398.000.000) 06/24 08:54:56 Image size of job updated: 10077568
	6150  -  MemoryUsage of job (MB)
	6297060  -  ResidentSetSize of job (KB)
...
006 (2661398.000.000) 06/24 08:59:56 Image size of job updated: 10209096
	6150  -  MemoryUsage of job (MB)
	6297060  -  ResidentSetSize of job (KB)
...
006 (2661398.000.000) 06/24 09:04:56 Image size of job updated: 10370856
	6150  -  MemoryUsage of job (MB)
	6297060  -  ResidentSetSize of job (KB)
...
006 (2661398.000.000) 06/24 09:09:57 Image size of job updated: 10499976
	6150  -  MemoryUsage of job (MB)
	6297060  -  ResidentSetSize of job (KB)
...
006 (2661398.000.000) 06/24 09:14:57 Image size of job updated: 10666784
	6150  -  MemoryUsage of job (MB)
	6297060  -  ResidentSetSize of job (KB)
...
006 (2661398.000.000) 06/24 09:19:58 Image size of job updated: 10793776
	6150  -  MemoryUsage of job (MB)
	6297060  -  ResidentSetSize of job (KB)
...
006 (2661398.000.000) 06/24 09:24:59 Image size of job updated: 10966972
	6150  -  MemoryUsage of job (MB)
	6297060  -  ResidentSetSize of job (KB)
...
006 (2661398.000.000) 06/24 09:30:00 Image size of job updated: 11094040
	6150  -  MemoryUsage of job (MB)
	6297060  -  ResidentSetSize of job (KB)
...
006 (2661398.000.000) 06/24 09:35:01 Image size of job updated: 11246720
	6150  -  MemoryUsage of job (MB)
	6297060  -  ResidentSetSize of job (KB)
...
006 (2661398.000.000) 06/24 09:40:02 Image size of job updated: 11397528
	6150  -  MemoryUsage of job (MB)
	6297060  -  ResidentSetSize of job (KB)
...
006 (2661398.000.000) 06/24 09:45:02 Image size of job updated: 11520284
	6150  -  MemoryUsage of job (MB)
	6297060  -  ResidentSetSize of job (KB)
...
006 (2661398.000.000) 06/24 09:50:03 Image size of job updated: 11692016
	6150  -  MemoryUsage of job (MB)
	6297060  -  ResidentSetSize of job (KB)
...
006 (2661398.000.000) 06/24 09:55:03 Image size of job updated: 11847512
	6150  -  MemoryUsage of job (MB)
	6297060  -  ResidentSetSize of job (KB)
...
006 (2661398.000.000) 06/24 10:00:04 Image size of job updated: 11979096
	6150  -  MemoryUsage of job (MB)
	6297060  -  ResidentSetSize of job (KB)
...
006 (2661398.000.000) 06/24 10:05:04 Image size of job updated: 12112024
	6150  -  MemoryUsage of job (MB)
	6297060  -  ResidentSetSize of job (KB)
...
006 (2661398.000.000) 06/24 10:10:04 Image size of job updated: 12306856
	6150  -  MemoryUsage of job (MB)
	6297060  -  ResidentSetSize of job (KB)
...
006 (2661398.000.000) 06/24 10:15:04 Image size of job updated: 12450940
	6150  -  MemoryUsage of job (MB)
	6297060  -  ResidentSetSize of job (KB)
...
006 (2661398.000.000) 06/24 10:20:05 Image size of job updated: 12575924
	6150  -  MemoryUsage of job (MB)
	6297060  -  ResidentSetSize of job (KB)
...
006 (2661398.000.000) 06/24 10:25:06 Image size of job updated: 12719516
	6150  -  MemoryUsage of job (MB)
	6297060  -  ResidentSetSize of job (KB)
...
006 (2661398.000.000) 06/24 10:30:06 Image size of job updated: 12912132
	6150  -  MemoryUsage of job (MB)
	6297060  -  ResidentSetSize of job (KB)
...
006 (2661398.000.000) 06/24 10:35:07 Image size of job updated: 13066152
	6150  -  MemoryUsage of job (MB)
	6297060  -  ResidentSetSize of job (KB)
...
006 (2661398.000.000) 06/24 10:40:08 Image size of job updated: 13200616
	6150  -  MemoryUsage of job (MB)
	6297060  -  ResidentSetSize of job (KB)
...
006 (2661398.000.000) 06/24 10:45:09 Image size of job updated: 13333432
	6150  -  MemoryUsage of job (MB)
	6297060  -  ResidentSetSize of job (KB)
...
006 (2661398.000.000) 06/24 10:50:09 Image size of job updated: 13512352
	6150  -  MemoryUsage of job (MB)
	6297060  -  ResidentSetSize of job (KB)
...
006 (2661398.000.000) 06/24 10:55:09 Image size of job updated: 13703520
	6150  -  MemoryUsage of job (MB)
	6297060  -  ResidentSetSize of job (KB)
...
006 (2661398.000.000) 06/24 11:00:10 Image size of job updated: 13839592
	6150  -  MemoryUsage of job (MB)
	6297060  -  ResidentSetSize of job (KB)
...
006 (2661398.000.000) 06/24 11:05:10 Image size of job updated: 13967880
	6150  -  MemoryUsage of job (MB)
	6297060  -  ResidentSetSize of job (KB)
...
006 (2661398.000.000) 06/24 11:10:10 Image size of job updated: 14106004
	6150  -  MemoryUsage of job (MB)
	6297060  -  ResidentSetSize of job (KB)
...
006 (2661398.000.000) 06/24 11:15:11 Image size of job updated: 14285260
	6150  -  MemoryUsage of job (MB)
	6297060  -  ResidentSetSize of job (KB)
...
006 (2661398.000.000) 06/24 11:20:12 Image size of job updated: 14432916
	6150  -  MemoryUsage of job (MB)
	6297060  -  ResidentSetSize of job (KB)
...
006 (2661398.000.000) 06/24 11:25:12 Image size of job updated: 14593996
	6150  -  MemoryUsage of job (MB)
	6297060  -  ResidentSetSize of job (KB)
...
006 (2661398.000.000) 06/24 11:30:12 Image size of job updated: 14777984
	6150  -  MemoryUsage of job (MB)
	6297060  -  ResidentSetSize of job (KB)
...
006 (2661398.000.000) 06/24 11:35:13 Image size of job updated: 14904208
	6150  -  MemoryUsage of job (MB)
	6297060  -  ResidentSetSize of job (KB)
...
006 (2661398.000.000) 06/24 11:40:14 Image size of job updated: 15035496
	6150  -  MemoryUsage of job (MB)
	6297060  -  ResidentSetSize of job (KB)
...
006 (2661398.000.000) 06/24 11:45:14 Image size of job updated: 15156180
	6150  -  MemoryUsage of job (MB)
	6297060  -  ResidentSetSize of job (KB)
...
006 (2661398.000.000) 06/24 11:50:14 Image size of job updated: 15314492
	6150  -  MemoryUsage of job (MB)
	6297060  -  ResidentSetSize of job (KB)
...
006 (2661398.000.000) 06/24 11:55:15 Image size of job updated: 15457208
	6150  -  MemoryUsage of job (MB)
	6297060  -  ResidentSetSize of job (KB)
...
006 (2661398.000.000) 06/24 12:00:16 Image size of job updated: 15597484
	6150  -  MemoryUsage of job (MB)
	6297060  -  ResidentSetSize of job (KB)
...
006 (2661398.000.000) 06/24 12:05:16 Image size of job updated: 15719748
	6150  -  MemoryUsage of job (MB)
	6297060  -  ResidentSetSize of job (KB)
...
006 (2661398.000.000) 06/24 12:10:16 Image size of job updated: 15824432
	6150  -  MemoryUsage of job (MB)
	6297060  -  ResidentSetSize of job (KB)
...
006 (2661398.000.000) 06/24 12:15:17 Image size of job updated: 15935400
	6150  -  MemoryUsage of job (MB)
	6297060  -  ResidentSetSize of job (KB)
...
006 (2661398.000.000) 06/24 12:20:18 Image size of job updated: 16065716
	6150  -  MemoryUsage of job (MB)
	6297060  -  ResidentSetSize of job (KB)
...
006 (2661398.000.000) 06/24 12:35:19 Image size of job updated: 16197684
	6150  -  MemoryUsage of job (MB)
	6297060  -  ResidentSetSize of job (KB)
...
006 (2661398.000.000) 06/24 12:40:20 Image size of job updated: 16338220
	6150  -  MemoryUsage of job (MB)
	6297060  -  ResidentSetSize of job (KB)
...
006 (2661398.000.000) 06/24 12:45:20 Image size of job updated: 16480704
	6150  -  MemoryUsage of job (MB)
	6297060  -  ResidentSetSize of job (KB)
...
006 (2661398.000.000) 06/24 12:50:20 Image size of job updated: 16593400
	6150  -  MemoryUsage of job (MB)
	6297060  -  ResidentSetSize of job (KB)
...
006 (2661398.000.000) 06/24 12:55:21 Image size of job updated: 16699008
	6150  -  MemoryUsage of job (MB)
	6297060  -  ResidentSetSize of job (KB)
...
006 (2661398.000.000) 06/24 13:00:22 Image size of job updated: 16809356
	6150  -  MemoryUsage of job (MB)
	6297060  -  ResidentSetSize of job (KB)
...
006 (2661398.000.000) 06/24 13:05:22 Image size of job updated: 16904308
	6150  -  MemoryUsage of job (MB)
	6297060  -  ResidentSetSize of job (KB)
...
006 (2661398.000.000) 06/24 13:15:23 Image size of job updated: 16933308
	6150  -  MemoryUsage of job (MB)
	6297060  -  ResidentSetSize of job (KB)
...
006 (2661398.000.000) 06/24 13:20:24 Image size of job updated: 17099508
	6150  -  MemoryUsage of job (MB)
	6297060  -  ResidentSetSize of job (KB)
...
006 (2661398.000.000) 06/24 13:25:24 Image size of job updated: 17259592
	6150  -  MemoryUsage of job (MB)
	6297060  -  ResidentSetSize of job (KB)
...
006 (2661398.000.000) 06/24 13:30:24 Image size of job updated: 17406296
	6196  -  MemoryUsage of job (MB)
	6344588  -  ResidentSetSize of job (KB)
...
006 (2661398.000.000) 06/24 13:35:25 Image size of job updated: 17594372
	6380  -  MemoryUsage of job (MB)
	6532664  -  ResidentSetSize of job (KB)
...
006 (2661398.000.000) 06/24 13:40:26 Image size of job updated: 17818096
	6599  -  MemoryUsage of job (MB)
	6756392  -  ResidentSetSize of job (KB)
...
006 (2661398.000.000) 06/24 13:45:26 Image size of job updated: 17964332
	6741  -  MemoryUsage of job (MB)
	6902628  -  ResidentSetSize of job (KB)
...
006 (2661398.000.000) 06/24 13:50:27 Image size of job updated: 18080908
	6855  -  MemoryUsage of job (MB)
	7019204  -  ResidentSetSize of job (KB)
...
006 (2661398.000.000) 06/24 13:55:28 Image size of job updated: 18180340
	6952  -  MemoryUsage of job (MB)
	7118636  -  ResidentSetSize of job (KB)
...
006 (2661398.000.000) 06/24 14:00:28 Image size of job updated: 18266392
	7036  -  MemoryUsage of job (MB)
	7204688  -  ResidentSetSize of job (KB)
...
006 (2661398.000.000) 06/24 14:05:28 Image size of job updated: 18398364
	7165  -  MemoryUsage of job (MB)
	7336660  -  ResidentSetSize of job (KB)
...
006 (2661398.000.000) 06/24 14:10:29 Image size of job updated: 18526860
	7291  -  MemoryUsage of job (MB)
	7465156  -  ResidentSetSize of job (KB)
...
006 (2661398.000.000) 06/24 14:15:30 Image size of job updated: 18642216
	7291  -  MemoryUsage of job (MB)
	7465156  -  ResidentSetSize of job (KB)
...
006 (2661398.000.000) 06/24 14:20:30 Image size of job updated: 18763656
	7291  -  MemoryUsage of job (MB)
	7465156  -  ResidentSetSize of job (KB)
...
006 (2661398.000.000) 06/24 14:25:31 Image size of job updated: 18932944
	7291  -  MemoryUsage of job (MB)
	7465156  -  ResidentSetSize of job (KB)
...
006 (2661398.000.000) 06/24 14:30:32 Image size of job updated: 19124180
	7291  -  MemoryUsage of job (MB)
	7465156  -  ResidentSetSize of job (KB)
...
006 (2661398.000.000) 06/24 14:35:32 Image size of job updated: 19285688
	7291  -  MemoryUsage of job (MB)
	7465156  -  ResidentSetSize of job (KB)
...
006 (2661398.000.000) 06/24 14:40:32 Image size of job updated: 19423512
	7291  -  MemoryUsage of job (MB)
	7465156  -  ResidentSetSize of job (KB)
...
006 (2661398.000.000) 06/24 14:45:33 Image size of job updated: 19573464
	7291  -  MemoryUsage of job (MB)
	7465156  -  ResidentSetSize of job (KB)
...
006 (2661398.000.000) 06/24 14:50:34 Image size of job updated: 19739852
	7291  -  MemoryUsage of job (MB)
	7465156  -  ResidentSetSize of job (KB)
...
006 (2661398.000.000) 06/24 14:55:34 Image size of job updated: 19877908
	7291  -  MemoryUsage of job (MB)
	7465156  -  ResidentSetSize of job (KB)
...
006 (2661398.000.000) 06/24 15:00:34 Image size of job updated: 20075660
	7291  -  MemoryUsage of job (MB)
	7465156  -  ResidentSetSize of job (KB)
...
006 (2661398.000.000) 06/24 15:05:35 Image size of job updated: 20350544
	7291  -  MemoryUsage of job (MB)
	7465156  -  ResidentSetSize of job (KB)
...
006 (2661398.000.000) 06/24 15:10:36 Image size of job updated: 20527260
	7291  -  MemoryUsage of job (MB)
	7465156  -  ResidentSetSize of job (KB)
...
006 (2661398.000.000) 06/24 15:15:36 Image size of job updated: 20662436
	7291  -  MemoryUsage of job (MB)
	7465156  -  ResidentSetSize of job (KB)
...
006 (2661398.000.000) 06/24 15:20:36 Image size of job updated: 20779236
	7291  -  MemoryUsage of job (MB)
	7465156  -  ResidentSetSize of job (KB)
...
006 (2661398.000.000) 06/24 15:25:52 Image size of job updated: 20890200
	7291  -  MemoryUsage of job (MB)
	7465156  -  ResidentSetSize of job (KB)
...
006 (2661398.000.000) 06/24 15:30:38 Image size of job updated: 20987096
	7291  -  MemoryUsage of job (MB)
	7465156  -  ResidentSetSize of job (KB)
...
006 (2661398.000.000) 06/24 15:35:39 Image size of job updated: 21097956
	7291  -  MemoryUsage of job (MB)
	7465156  -  ResidentSetSize of job (KB)
...
006 (2661398.000.000) 06/24 15:40:39 Image size of job updated: 21202492
	7291  -  MemoryUsage of job (MB)
	7465156  -  ResidentSetSize of job (KB)
...
006 (2661398.000.000) 06/24 15:45:39 Image size of job updated: 21338812
	7291  -  MemoryUsage of job (MB)
	7465156  -  ResidentSetSize of job (KB)
...
006 (2661398.000.000) 06/24 15:50:40 Image size of job updated: 21445432
	7291  -  MemoryUsage of job (MB)
	7465156  -  ResidentSetSize of job (KB)
...
006 (2661398.000.000) 06/24 15:55:41 Image size of job updated: 21555720
	7291  -  MemoryUsage of job (MB)
	7465156  -  ResidentSetSize of job (KB)
...
006 (2661398.000.000) 06/24 16:00:41 Image size of job updated: 21595160
	7291  -  MemoryUsage of job (MB)
	7465156  -  ResidentSetSize of job (KB)
...
006 (2661398.000.000) 06/24 16:05:42 Image size of job updated: 21691876
	7291  -  MemoryUsage of job (MB)
	7465156  -  ResidentSetSize of job (KB)
...
006 (2661398.000.000) 06/24 16:10:43 Image size of job updated: 21777128
	7291  -  MemoryUsage of job (MB)
	7465156  -  ResidentSetSize of job (KB)
...
006 (2661398.000.000) 06/24 16:15:43 Image size of job updated: 21856092
	7291  -  MemoryUsage of job (MB)
	7465156  -  ResidentSetSize of job (KB)
...
006 (2661398.000.000) 06/24 16:20:43 Image size of job updated: 22004652
	7291  -  MemoryUsage of job (MB)
	7465156  -  ResidentSetSize of job (KB)
...
006 (2661398.000.000) 06/24 16:25:44 Image size of job updated: 22146828
	7291  -  MemoryUsage of job (MB)
	7465156  -  ResidentSetSize of job (KB)
...
006 (2661398.000.000) 06/24 16:30:45 Image size of job updated: 22292892
	7291  -  MemoryUsage of job (MB)
	7465156  -  ResidentSetSize of job (KB)
...
006 (2661398.000.000) 06/24 16:35:45 Image size of job updated: 22462444
	7291  -  MemoryUsage of job (MB)
	7465156  -  ResidentSetSize of job (KB)
...
006 (2661398.000.000) 06/24 16:40:46 Image size of job updated: 22654420
	7291  -  MemoryUsage of job (MB)
	7465156  -  ResidentSetSize of job (KB)
...
006 (2661398.000.000) 06/24 16:45:47 Image size of job updated: 22791284
	7291  -  MemoryUsage of job (MB)
	7465156  -  ResidentSetSize of job (KB)
...
006 (2661398.000.000) 06/24 16:50:47 Image size of job updated: 22930276
	7291  -  MemoryUsage of job (MB)
	7465156  -  ResidentSetSize of job (KB)
...
006 (2661398.000.000) 06/24 16:55:47 Image size of job updated: 23073556
	7325  -  MemoryUsage of job (MB)
	7499888  -  ResidentSetSize of job (KB)
...
006 (2661398.000.000) 06/24 17:00:48 Image size of job updated: 23212080
	7460  -  MemoryUsage of job (MB)
	7638412  -  ResidentSetSize of job (KB)
...
006 (2661398.000.000) 06/24 17:05:49 Image size of job updated: 23339728
	7585  -  MemoryUsage of job (MB)
	7766068  -  ResidentSetSize of job (KB)
...
006 (2661398.000.000) 06/24 17:10:49 Image size of job updated: 23469128
	7711  -  MemoryUsage of job (MB)
	7895468  -  ResidentSetSize of job (KB)
...
006 (2661398.000.000) 06/24 17:15:49 Image size of job updated: 23594640
	7833  -  MemoryUsage of job (MB)
	8020984  -  ResidentSetSize of job (KB)
...
006 (2661398.000.000) 06/24 17:20:50 Image size of job updated: 23729328
	7965  -  MemoryUsage of job (MB)
	8155672  -  ResidentSetSize of job (KB)
...
006 (2661398.000.000) 06/24 17:25:50 Image size of job updated: 23859872
	8093  -  MemoryUsage of job (MB)
	8286216  -  ResidentSetSize of job (KB)
...
006 (2661398.000.000) 06/24 17:30:50 Image size of job updated: 23986528
	8093  -  MemoryUsage of job (MB)
	8286216  -  ResidentSetSize of job (KB)
...
006 (2661398.000.000) 06/24 17:35:51 Image size of job updated: 24124860
	8093  -  MemoryUsage of job (MB)
	8286216  -  ResidentSetSize of job (KB)
...
006 (2661398.000.000) 06/24 17:40:52 Image size of job updated: 24263792
	8093  -  MemoryUsage of job (MB)
	8286216  -  ResidentSetSize of job (KB)
...
006 (2661398.000.000) 06/24 17:45:52 Image size of job updated: 24399420
	8093  -  MemoryUsage of job (MB)
	8286216  -  ResidentSetSize of job (KB)
...
006 (2661398.000.000) 06/24 17:50:53 Image size of job updated: 24533272
	8093  -  MemoryUsage of job (MB)
	8286216  -  ResidentSetSize of job (KB)
...
006 (2661398.000.000) 06/24 17:55:54 Image size of job updated: 24665816
	8093  -  MemoryUsage of job (MB)
	8286216  -  ResidentSetSize of job (KB)
...
006 (2661398.000.000) 06/24 18:00:54 Image size of job updated: 24795992
	8093  -  MemoryUsage of job (MB)
	8286216  -  ResidentSetSize of job (KB)
...
006 (2661398.000.000) 06/24 18:05:54 Image size of job updated: 24933432
	8093  -  MemoryUsage of job (MB)
	8286216  -  ResidentSetSize of job (KB)
...
006 (2661398.000.000) 06/24 18:10:56 Image size of job updated: 25074612
	8093  -  MemoryUsage of job (MB)
	8286216  -  ResidentSetSize of job (KB)
...
006 (2661398.000.000) 06/24 18:15:56 Image size of job updated: 25216292
	8093  -  MemoryUsage of job (MB)
	8286216  -  ResidentSetSize of job (KB)
...
006 (2661398.000.000) 06/24 18:20:56 Image size of job updated: 25351000
	8093  -  MemoryUsage of job (MB)
	8286216  -  ResidentSetSize of job (KB)
...
006 (2661398.000.000) 06/24 18:25:57 Image size of job updated: 25486312
	8093  -  MemoryUsage of job (MB)
	8286216  -  ResidentSetSize of job (KB)
...
006 (2661398.000.000) 06/24 18:30:58 Image size of job updated: 25624604
	8093  -  MemoryUsage of job (MB)
	8286216  -  ResidentSetSize of job (KB)
...
006 (2661398.000.000) 06/24 18:35:58 Image size of job updated: 25757276
	8093  -  MemoryUsage of job (MB)
	8286216  -  ResidentSetSize of job (KB)
...
006 (2661398.000.000) 06/24 18:40:58 Image size of job updated: 25890224
	8093  -  MemoryUsage of job (MB)
	8286216  -  ResidentSetSize of job (KB)
...
006 (2661398.000.000) 06/24 18:45:59 Image size of job updated: 26029120
	8093  -  MemoryUsage of job (MB)
	8286216  -  ResidentSetSize of job (KB)
...
006 (2661398.000.000) 06/24 18:51:00 Image size of job updated: 26171644
	8093  -  MemoryUsage of job (MB)
	8286216  -  ResidentSetSize of job (KB)
...
006 (2661398.000.000) 06/24 18:56:00 Image size of job updated: 26310664
	8093  -  MemoryUsage of job (MB)
	8286216  -  ResidentSetSize of job (KB)
...
006 (2661398.000.000) 06/24 19:01:00 Image size of job updated: 26443964
	8093  -  MemoryUsage of job (MB)
	8286216  -  ResidentSetSize of job (KB)
...
006 (2661398.000.000) 06/24 19:06:02 Image size of job updated: 26573748
	8093  -  MemoryUsage of job (MB)
	8286216  -  ResidentSetSize of job (KB)
...
006 (2661398.000.000) 06/24 19:11:02 Image size of job updated: 26713020
	8093  -  MemoryUsage of job (MB)
	8286216  -  ResidentSetSize of job (KB)
...
006 (2661398.000.000) 06/24 19:16:02 Image size of job updated: 26842764
	8093  -  MemoryUsage of job (MB)
	8286216  -  ResidentSetSize of job (KB)
...
006 (2661398.000.000) 06/24 19:21:03 Image size of job updated: 26984448
	8093  -  MemoryUsage of job (MB)
	8286216  -  ResidentSetSize of job (KB)
...
006 (2661398.000.000) 06/24 19:26:04 Image size of job updated: 27120568
	8093  -  MemoryUsage of job (MB)
	8286216  -  ResidentSetSize of job (KB)
...
006 (2661398.000.000) 06/24 19:31:04 Image size of job updated: 27260580
	8093  -  MemoryUsage of job (MB)
	8286216  -  ResidentSetSize of job (KB)
...
006 (2661398.000.000) 06/24 19:36:04 Image size of job updated: 27404620
	8093  -  MemoryUsage of job (MB)
	8286216  -  ResidentSetSize of job (KB)
...
006 (2661398.000.000) 06/24 19:41:05 Image size of job updated: 27546472
	8093  -  MemoryUsage of job (MB)
	8286216  -  ResidentSetSize of job (KB)
...
006 (2661398.000.000) 06/24 19:46:06 Image size of job updated: 27689324
	8093  -  MemoryUsage of job (MB)
	8286216  -  ResidentSetSize of job (KB)
...
006 (2661398.000.000) 06/24 19:51:06 Image size of job updated: 27817464
	8093  -  MemoryUsage of job (MB)
	8286216  -  ResidentSetSize of job (KB)
...
006 (2661398.000.000) 06/24 19:56:07 Image size of job updated: 27967272
	8093  -  MemoryUsage of job (MB)
	8286216  -  ResidentSetSize of job (KB)
...
006 (2661398.000.000) 06/24 20:01:08 Image size of job updated: 28109712
	8093  -  MemoryUsage of job (MB)
	8286216  -  ResidentSetSize of job (KB)
...
006 (2661398.000.000) 06/24 20:06:08 Image size of job updated: 28238140
	8093  -  MemoryUsage of job (MB)
	8286216  -  ResidentSetSize of job (KB)
...
006 (2661398.000.000) 06/24 20:11:08 Image size of job updated: 28374804
	8093  -  MemoryUsage of job (MB)
	8286216  -  ResidentSetSize of job (KB)
...
006 (2661398.000.000) 06/24 20:16:09 Image size of job updated: 28519064
	8093  -  MemoryUsage of job (MB)
	8286216  -  ResidentSetSize of job (KB)
...
006 (2661398.000.000) 06/24 20:21:09 Image size of job updated: 28646920
	8093  -  MemoryUsage of job (MB)
	8286216  -  ResidentSetSize of job (KB)
...
006 (2661398.000.000) 06/24 20:26:09 Image size of job updated: 28785500
	8093  -  MemoryUsage of job (MB)
	8286216  -  ResidentSetSize of job (KB)
...
006 (2661398.000.000) 06/24 20:31:10 Image size of job updated: 28928412
	8093  -  MemoryUsage of job (MB)
	8286216  -  ResidentSetSize of job (KB)
...
006 (2661398.000.000) 06/24 20:36:11 Image size of job updated: 29053420
	8093  -  MemoryUsage of job (MB)
	8286216  -  ResidentSetSize of job (KB)
...
006 (2661398.000.000) 06/24 20:41:11 Image size of job updated: 29196644
	8093  -  MemoryUsage of job (MB)
	8286216  -  ResidentSetSize of job (KB)
...
006 (2661398.000.000) 06/24 20:46:12 Image size of job updated: 29338340
	8093  -  MemoryUsage of job (MB)
	8286216  -  ResidentSetSize of job (KB)
...
006 (2661398.000.000) 06/24 20:51:13 Image size of job updated: 29462592
	8093  -  MemoryUsage of job (MB)
	8286216  -  ResidentSetSize of job (KB)
...
006 (2661398.000.000) 06/24 20:56:13 Image size of job updated: 29607448
	8093  -  MemoryUsage of job (MB)
	8286216  -  ResidentSetSize of job (KB)
...
006 (2661398.000.000) 06/24 21:01:13 Image size of job updated: 29741800
	8093  -  MemoryUsage of job (MB)
	8286216  -  ResidentSetSize of job (KB)
...
006 (2661398.000.000) 06/24 21:06:14 Image size of job updated: 29876668
	8093  -  MemoryUsage of job (MB)
	8286216  -  ResidentSetSize of job (KB)
...
006 (2661398.000.000) 06/24 21:11:15 Image size of job updated: 30022044
	8093  -  MemoryUsage of job (MB)
	8286216  -  ResidentSetSize of job (KB)
...
006 (2661398.000.000) 06/24 21:16:15 Image size of job updated: 30148152
	8093  -  MemoryUsage of job (MB)
	8286216  -  ResidentSetSize of job (KB)
...
006 (2661398.000.000) 06/24 21:21:16 Image size of job updated: 30293196
	8093  -  MemoryUsage of job (MB)
	8286216  -  ResidentSetSize of job (KB)
...
006 (2661398.000.000) 06/24 21:26:17 Image size of job updated: 30432024
	8093  -  MemoryUsage of job (MB)
	8286216  -  ResidentSetSize of job (KB)
...
006 (2661398.000.000) 06/24 21:31:17 Image size of job updated: 30557940
	8093  -  MemoryUsage of job (MB)
	8286216  -  ResidentSetSize of job (KB)
...
006 (2661398.000.000) 06/24 21:36:17 Image size of job updated: 30705116
	8093  -  MemoryUsage of job (MB)
	8286216  -  ResidentSetSize of job (KB)
...
006 (2661398.000.000) 06/24 21:41:18 Image size of job updated: 30833236
	8093  -  MemoryUsage of job (MB)
	8286216  -  ResidentSetSize of job (KB)
...
006 (2661398.000.000) 06/24 21:46:19 Image size of job updated: 30974352
	8093  -  MemoryUsage of job (MB)
	8286216  -  ResidentSetSize of job (KB)
...
006 (2661398.000.000) 06/24 21:51:19 Image size of job updated: 31096640
	8093  -  MemoryUsage of job (MB)
	8286216  -  ResidentSetSize of job (KB)
...
006 (2661398.000.000) 06/24 21:56:19 Image size of job updated: 31216624
	8093  -  MemoryUsage of job (MB)
	8286216  -  ResidentSetSize of job (KB)
...
006 (2661398.000.000) 06/24 22:01:20 Image size of job updated: 31347232
	8093  -  MemoryUsage of job (MB)
	8286216  -  ResidentSetSize of job (KB)
...
006 (2661398.000.000) 06/24 22:06:20 Image size of job updated: 31475776
	8093  -  MemoryUsage of job (MB)
	8286216  -  ResidentSetSize of job (KB)
...
006 (2661398.000.000) 06/24 22:11:20 Image size of job updated: 31604284
	8093  -  MemoryUsage of job (MB)
	8286216  -  ResidentSetSize of job (KB)
...
006 (2661398.000.000) 06/24 22:16:21 Image size of job updated: 31738276
	8093  -  MemoryUsage of job (MB)
	8286216  -  ResidentSetSize of job (KB)
...
006 (2661398.000.000) 06/24 22:21:22 Image size of job updated: 31877460
	8093  -  MemoryUsage of job (MB)
	8286216  -  ResidentSetSize of job (KB)
...
006 (2661398.000.000) 06/24 22:26:22 Image size of job updated: 32013148
	8093  -  MemoryUsage of job (MB)
	8286216  -  ResidentSetSize of job (KB)
...
006 (2661398.000.000) 06/24 22:31:23 Image size of job updated: 32152404
	8093  -  MemoryUsage of job (MB)
	8286216  -  ResidentSetSize of job (KB)
...
006 (2661398.000.000) 06/24 22:36:24 Image size of job updated: 32290204
	8093  -  MemoryUsage of job (MB)
	8286216  -  ResidentSetSize of job (KB)
...
006 (2661398.000.000) 06/24 22:41:24 Image size of job updated: 32419520
	8093  -  MemoryUsage of job (MB)
	8286216  -  ResidentSetSize of job (KB)
...
006 (2661398.000.000) 06/24 22:46:24 Image size of job updated: 32552368
	8093  -  MemoryUsage of job (MB)
	8286216  -  ResidentSetSize of job (KB)
...
006 (2661398.000.000) 06/24 22:51:26 Image size of job updated: 32699592
	8093  -  MemoryUsage of job (MB)
	8286216  -  ResidentSetSize of job (KB)
...
006 (2661398.000.000) 06/24 22:56:26 Image size of job updated: 32843120
	8093  -  MemoryUsage of job (MB)
	8286216  -  ResidentSetSize of job (KB)
...
006 (2661398.000.000) 06/24 23:01:26 Image size of job updated: 32977016
	8093  -  MemoryUsage of job (MB)
	8286216  -  ResidentSetSize of job (KB)
...
006 (2661398.000.000) 06/24 23:06:27 Image size of job updated: 33121380
	8093  -  MemoryUsage of job (MB)
	8286216  -  ResidentSetSize of job (KB)
...
006 (2661398.000.000) 06/24 23:11:28 Image size of job updated: 33271648
	8093  -  MemoryUsage of job (MB)
	8286216  -  ResidentSetSize of job (KB)
...
006 (2661398.000.000) 06/24 23:16:28 Image size of job updated: 33408260
	8093  -  MemoryUsage of job (MB)
	8286216  -  ResidentSetSize of job (KB)
...
006 (2661398.000.000) 06/24 23:21:29 Image size of job updated: 33558572
	8093  -  MemoryUsage of job (MB)
	8286216  -  ResidentSetSize of job (KB)
...
006 (2661398.000.000) 06/24 23:26:30 Image size of job updated: 33704632
	8093  -  MemoryUsage of job (MB)
	8286216  -  ResidentSetSize of job (KB)
...
006 (2661398.000.000) 06/24 23:31:30 Image size of job updated: 33845296
	8093  -  MemoryUsage of job (MB)
	8286216  -  ResidentSetSize of job (KB)
...
006 (2661398.000.000) 06/24 23:36:30 Image size of job updated: 33988660
	8093  -  MemoryUsage of job (MB)
	8286216  -  ResidentSetSize of job (KB)
...
006 (2661398.000.000) 06/24 23:41:31 Image size of job updated: 34127824
	8093  -  MemoryUsage of job (MB)
	8286216  -  ResidentSetSize of job (KB)
...
006 (2661398.000.000) 06/24 23:46:32 Image size of job updated: 34260736
	8093  -  MemoryUsage of job (MB)
	8286216  -  ResidentSetSize of job (KB)
...
006 (2661398.000.000) 06/24 23:51:32 Image size of job updated: 34395252
	8093  -  MemoryUsage of job (MB)
	8286216  -  ResidentSetSize of job (KB)
...
006 (2661398.000.000) 06/24 23:56:33 Image size of job updated: 34536056
	8093  -  MemoryUsage of job (MB)
	8286216  -  ResidentSetSize of job (KB)
...
006 (2661398.000.000) 06/25 00:01:34 Image size of job updated: 34676156
	8093  -  MemoryUsage of job (MB)
	8286216  -  ResidentSetSize of job (KB)
...
006 (2661398.000.000) 06/25 00:06:34 Image size of job updated: 34815948
	8093  -  MemoryUsage of job (MB)
	8286216  -  ResidentSetSize of job (KB)
...
006 (2661398.000.000) 06/25 00:11:34 Image size of job updated: 34944664
	8093  -  MemoryUsage of job (MB)
	8286216  -  ResidentSetSize of job (KB)
...
006 (2661398.000.000) 06/25 00:16:35 Image size of job updated: 35080396
	8093  -  MemoryUsage of job (MB)
	8286216  -  ResidentSetSize of job (KB)
...
006 (2661398.000.000) 06/25 00:21:36 Image size of job updated: 35223108
	8093  -  MemoryUsage of job (MB)
	8286216  -  ResidentSetSize of job (KB)
...
006 (2661398.000.000) 06/25 00:26:36 Image size of job updated: 35359060
	8093  -  MemoryUsage of job (MB)
	8286216  -  ResidentSetSize of job (KB)
...
006 (2661398.000.000) 06/25 00:31:36 Image size of job updated: 35486420
	8093  -  MemoryUsage of job (MB)
	8286216  -  ResidentSetSize of job (KB)
...
006 (2661398.000.000) 06/25 00:36:37 Image size of job updated: 35618660
	8093  -  MemoryUsage of job (MB)
	8286216  -  ResidentSetSize of job (KB)
...
006 (2661398.000.000) 06/25 00:41:37 Image size of job updated: 35771604
	8093  -  MemoryUsage of job (MB)
	8286216  -  ResidentSetSize of job (KB)
...
006 (2661398.000.000) 06/25 00:46:37 Image size of job updated: 35917876
	8093  -  MemoryUsage of job (MB)
	8286216  -  ResidentSetSize of job (KB)
...
006 (2661398.000.000) 06/25 00:51:39 Image size of job updated: 36061972
	8093  -  MemoryUsage of job (MB)
	8286216  -  ResidentSetSize of job (KB)
...
006 (2661398.000.000) 06/25 00:56:39 Image size of job updated: 36203168
	8093  -  MemoryUsage of job (MB)
	8286216  -  ResidentSetSize of job (KB)
...
006 (2661398.000.000) 06/25 01:01:39 Image size of job updated: 36344460
	8093  -  MemoryUsage of job (MB)
	8286216  -  ResidentSetSize of job (KB)
...
006 (2661398.000.000) 06/25 01:06:40 Image size of job updated: 36480556
	8093  -  MemoryUsage of job (MB)
	8286216  -  ResidentSetSize of job (KB)
...
006 (2661398.000.000) 06/25 01:11:41 Image size of job updated: 36608888
	8093  -  MemoryUsage of job (MB)
	8286216  -  ResidentSetSize of job (KB)
...
006 (2661398.000.000) 06/25 01:16:41 Image size of job updated: 36742696
	8093  -  MemoryUsage of job (MB)
	8286216  -  ResidentSetSize of job (KB)
...
006 (2661398.000.000) 06/25 01:21:42 Image size of job updated: 36884392
	8093  -  MemoryUsage of job (MB)
	8286216  -  ResidentSetSize of job (KB)
...
006 (2661398.000.000) 06/25 01:26:43 Image size of job updated: 37024256
	8093  -  MemoryUsage of job (MB)
	8286216  -  ResidentSetSize of job (KB)
...
006 (2661398.000.000) 06/25 01:31:43 Image size of job updated: 37149124
	8093  -  MemoryUsage of job (MB)
	8286216  -  ResidentSetSize of job (KB)
...
006 (2661398.000.000) 06/25 01:36:43 Image size of job updated: 37287420
	8093  -  MemoryUsage of job (MB)
	8286216  -  ResidentSetSize of job (KB)
...
006 (2661398.000.000) 06/25 01:41:44 Image size of job updated: 37428908
	8093  -  MemoryUsage of job (MB)
	8286216  -  ResidentSetSize of job (KB)
...
006 (2661398.000.000) 06/25 01:46:44 Image size of job updated: 37554520
	8093  -  MemoryUsage of job (MB)
	8286216  -  ResidentSetSize of job (KB)
...
006 (2661398.000.000) 06/25 01:51:44 Image size of job updated: 37694256
	8093  -  MemoryUsage of job (MB)
	8286216  -  ResidentSetSize of job (KB)
...
006 (2661398.000.000) 06/25 01:56:45 Image size of job updated: 37836236
	8093  -  MemoryUsage of job (MB)
	8286216  -  ResidentSetSize of job (KB)
...
006 (2661398.000.000) 06/25 02:01:46 Image size of job updated: 37959652
	8093  -  MemoryUsage of job (MB)
	8286216  -  ResidentSetSize of job (KB)
...
006 (2661398.000.000) 06/25 02:06:46 Image size of job updated: 38107872
	8093  -  MemoryUsage of job (MB)
	8286216  -  ResidentSetSize of job (KB)
...
006 (2661398.000.000) 06/25 02:11:47 Image size of job updated: 38228044
	8093  -  MemoryUsage of job (MB)
	8286216  -  ResidentSetSize of job (KB)
...
006 (2661398.000.000) 06/25 02:16:48 Image size of job updated: 38375820
	8093  -  MemoryUsage of job (MB)
	8286216  -  ResidentSetSize of job (KB)
...
006 (2661398.000.000) 06/25 02:21:48 Image size of job updated: 38502688
	8093  -  MemoryUsage of job (MB)
	8286216  -  ResidentSetSize of job (KB)
...
006 (2661398.000.000) 06/25 02:26:48 Image size of job updated: 38647976
	8093  -  MemoryUsage of job (MB)
	8286216  -  ResidentSetSize of job (KB)
...
006 (2661398.000.000) 06/25 02:31:50 Image size of job updated: 38777212
	8093  -  MemoryUsage of job (MB)
	8286216  -  ResidentSetSize of job (KB)
...
006 (2661398.000.000) 06/25 02:36:50 Image size of job updated: 38918316
	8093  -  MemoryUsage of job (MB)
	8286216  -  ResidentSetSize of job (KB)
...
006 (2661398.000.000) 06/25 02:41:50 Image size of job updated: 39048620
	8093  -  MemoryUsage of job (MB)
	8286216  -  ResidentSetSize of job (KB)
...
006 (2661398.000.000) 06/25 02:46:51 Image size of job updated: 39187492
	8093  -  MemoryUsage of job (MB)
	8286216  -  ResidentSetSize of job (KB)
...
006 (2661398.000.000) 06/25 02:51:52 Image size of job updated: 39320032
	8093  -  MemoryUsage of job (MB)
	8286216  -  ResidentSetSize of job (KB)
...
006 (2661398.000.000) 06/25 02:56:52 Image size of job updated: 39458848
	8093  -  MemoryUsage of job (MB)
	8286216  -  ResidentSetSize of job (KB)
...
006 (2661398.000.000) 06/25 03:01:52 Image size of job updated: 39591932
	8093  -  MemoryUsage of job (MB)
	8286216  -  ResidentSetSize of job (KB)
...
006 (2661398.000.000) 06/25 03:06:54 Image size of job updated: 39728176
	8093  -  MemoryUsage of job (MB)
	8286216  -  ResidentSetSize of job (KB)
...
006 (2661398.000.000) 06/25 03:11:54 Image size of job updated: 39861052
	8093  -  MemoryUsage of job (MB)
	8286216  -  ResidentSetSize of job (KB)
...
006 (2661398.000.000) 06/25 03:16:54 Image size of job updated: 39998664
	8093  -  MemoryUsage of job (MB)
	8286216  -  ResidentSetSize of job (KB)
...
006 (2661398.000.000) 06/25 03:21:55 Image size of job updated: 40130896
	8093  -  MemoryUsage of job (MB)
	8286216  -  ResidentSetSize of job (KB)
...
006 (2661398.000.000) 06/25 03:26:56 Image size of job updated: 40270368
	8093  -  MemoryUsage of job (MB)
	8286216  -  ResidentSetSize of job (KB)
...
006 (2661398.000.000) 06/25 03:31:56 Image size of job updated: 40399920
	8093  -  MemoryUsage of job (MB)
	8286216  -  ResidentSetSize of job (KB)
...
006 (2661398.000.000) 06/25 03:36:56 Image size of job updated: 40539668
	8093  -  MemoryUsage of job (MB)
	8286216  -  ResidentSetSize of job (KB)
...
006 (2661398.000.000) 06/25 03:41:57 Image size of job updated: 40665640
	8093  -  MemoryUsage of job (MB)
	8286216  -  ResidentSetSize of job (KB)
...
006 (2661398.000.000) 06/25 03:46:57 Image size of job updated: 40808516
	8093  -  MemoryUsage of job (MB)
	8286216  -  ResidentSetSize of job (KB)
...
006 (2661398.000.000) 06/25 03:51:57 Image size of job updated: 40931744
	8093  -  MemoryUsage of job (MB)
	8286216  -  ResidentSetSize of job (KB)
...
006 (2661398.000.000) 06/25 03:56:58 Image size of job updated: 41079188
	8093  -  MemoryUsage of job (MB)
	8286216  -  ResidentSetSize of job (KB)
...
006 (2661398.000.000) 06/25 04:01:59 Image size of job updated: 41201856
	8093  -  MemoryUsage of job (MB)
	8286216  -  ResidentSetSize of job (KB)
...
006 (2661398.000.000) 06/25 04:06:59 Image size of job updated: 41352484
	8093  -  MemoryUsage of job (MB)
	8286216  -  ResidentSetSize of job (KB)
...
006 (2661398.000.000) 06/25 04:12:00 Image size of job updated: 41472508
	8093  -  MemoryUsage of job (MB)
	8286216  -  ResidentSetSize of job (KB)
...
006 (2661398.000.000) 06/25 04:17:01 Image size of job updated: 41621324
	8093  -  MemoryUsage of job (MB)
	8286216  -  ResidentSetSize of job (KB)
...
006 (2661398.000.000) 06/25 04:22:01 Image size of job updated: 41743520
	8093  -  MemoryUsage of job (MB)
	8286216  -  ResidentSetSize of job (KB)
...
006 (2661398.000.000) 06/25 04:27:01 Image size of job updated: 41878060
	8093  -  MemoryUsage of job (MB)
	8286216  -  ResidentSetSize of job (KB)
...
006 (2661398.000.000) 06/25 04:32:02 Image size of job updated: 42017536
	8093  -  MemoryUsage of job (MB)
	8286216  -  ResidentSetSize of job (KB)
...
006 (2661398.000.000) 06/25 04:37:03 Image size of job updated: 42153980
	8093  -  MemoryUsage of job (MB)
	8286216  -  ResidentSetSize of job (KB)
...
006 (2661398.000.000) 06/25 04:42:03 Image size of job updated: 42292680
	8093  -  MemoryUsage of job (MB)
	8286216  -  ResidentSetSize of job (KB)
...
006 (2661398.000.000) 06/25 04:47:04 Image size of job updated: 42430072
	8093  -  MemoryUsage of job (MB)
	8286216  -  ResidentSetSize of job (KB)
...
006 (2661398.000.000) 06/25 04:52:05 Image size of job updated: 42565852
	8093  -  MemoryUsage of job (MB)
	8286216  -  ResidentSetSize of job (KB)
...
006 (2661398.000.000) 06/25 04:57:05 Image size of job updated: 42702344
	8093  -  MemoryUsage of job (MB)
	8286216  -  ResidentSetSize of job (KB)
...
006 (2661398.000.000) 06/25 05:02:05 Image size of job updated: 42843368
	8093  -  MemoryUsage of job (MB)
	8286216  -  ResidentSetSize of job (KB)
...
006 (2661398.000.000) 06/25 05:07:06 Image size of job updated: 42987700
	8093  -  MemoryUsage of job (MB)
	8286216  -  ResidentSetSize of job (KB)
...
006 (2661398.000.000) 06/25 05:12:06 Image size of job updated: 43154512
	8093  -  MemoryUsage of job (MB)
	8286216  -  ResidentSetSize of job (KB)
...
006 (2661398.000.000) 06/25 05:17:06 Image size of job updated: 43314900
	8093  -  MemoryUsage of job (MB)
	8286216  -  ResidentSetSize of job (KB)
...
006 (2661398.000.000) 06/25 05:22:07 Image size of job updated: 43474308
	8093  -  MemoryUsage of job (MB)
	8286216  -  ResidentSetSize of job (KB)
...
006 (2661398.000.000) 06/25 05:27:08 Image size of job updated: 43631712
	8093  -  MemoryUsage of job (MB)
	8286216  -  ResidentSetSize of job (KB)
...
006 (2661398.000.000) 06/25 05:32:08 Image size of job updated: 43786176
	8093  -  MemoryUsage of job (MB)
	8286216  -  ResidentSetSize of job (KB)
...
006 (2661398.000.000) 06/25 05:37:09 Image size of job updated: 43933108
	8093  -  MemoryUsage of job (MB)
	8286216  -  ResidentSetSize of job (KB)
...
006 (2661398.000.000) 06/25 05:42:10 Image size of job updated: 44087340
	8093  -  MemoryUsage of job (MB)
	8286216  -  ResidentSetSize of job (KB)
...
006 (2661398.000.000) 06/25 05:47:10 Image size of job updated: 44231352
	8093  -  MemoryUsage of job (MB)
	8286216  -  ResidentSetSize of job (KB)
...
006 (2661398.000.000) 06/25 05:52:10 Image size of job updated: 44384872
	8093  -  MemoryUsage of job (MB)
	8286216  -  ResidentSetSize of job (KB)
...
006 (2661398.000.000) 06/25 05:57:12 Image size of job updated: 44528468
	8093  -  MemoryUsage of job (MB)
	8286216  -  ResidentSetSize of job (KB)
...
006 (2661398.000.000) 06/25 06:02:12 Image size of job updated: 44679480
	8093  -  MemoryUsage of job (MB)
	8286216  -  ResidentSetSize of job (KB)
...
006 (2661398.000.000) 06/25 06:07:12 Image size of job updated: 44826912
	8093  -  MemoryUsage of job (MB)
	8286216  -  ResidentSetSize of job (KB)
...
006 (2661398.000.000) 06/25 06:12:13 Image size of job updated: 44966572
	8093  -  MemoryUsage of job (MB)
	8286216  -  ResidentSetSize of job (KB)
...
006 (2661398.000.000) 06/25 06:17:14 Image size of job updated: 45107140
	8093  -  MemoryUsage of job (MB)
	8286216  -  ResidentSetSize of job (KB)
...
006 (2661398.000.000) 06/25 06:22:14 Image size of job updated: 45240968
	8093  -  MemoryUsage of job (MB)
	8286216  -  ResidentSetSize of job (KB)
...
006 (2661398.000.000) 06/25 06:27:15 Image size of job updated: 45372800
	8093  -  MemoryUsage of job (MB)
	8286216  -  ResidentSetSize of job (KB)
...
006 (2661398.000.000) 06/25 06:32:16 Image size of job updated: 45521048
	8093  -  MemoryUsage of job (MB)
	8286216  -  ResidentSetSize of job (KB)
...
006 (2661398.000.000) 06/25 06:37:16 Image size of job updated: 45654356
	8093  -  MemoryUsage of job (MB)
	8286216  -  ResidentSetSize of job (KB)
...
006 (2661398.000.000) 06/25 06:42:16 Image size of job updated: 45786572
	8093  -  MemoryUsage of job (MB)
	8286216  -  ResidentSetSize of job (KB)
...
006 (2661398.000.000) 06/25 06:47:18 Image size of job updated: 45926260
	8093  -  MemoryUsage of job (MB)
	8286216  -  ResidentSetSize of job (KB)
...
006 (2661398.000.000) 06/25 06:52:18 Image size of job updated: 46073248
	8093  -  MemoryUsage of job (MB)
	8286216  -  ResidentSetSize of job (KB)
...
006 (2661398.000.000) 06/25 06:57:18 Image size of job updated: 46199996
	8093  -  MemoryUsage of job (MB)
	8286216  -  ResidentSetSize of job (KB)
...
006 (2661398.000.000) 06/25 07:02:19 Image size of job updated: 46345112
	8093  -  MemoryUsage of job (MB)
	8286216  -  ResidentSetSize of job (KB)
...
006 (2661398.000.000) 06/25 07:07:20 Image size of job updated: 46475908
	8093  -  MemoryUsage of job (MB)
	8286216  -  ResidentSetSize of job (KB)
...
006 (2661398.000.000) 06/25 07:12:20 Image size of job updated: 46620524
	8093  -  MemoryUsage of job (MB)
	8286216  -  ResidentSetSize of job (KB)
...
006 (2661398.000.000) 06/25 07:17:21 Image size of job updated: 46742356
	8093  -  MemoryUsage of job (MB)
	8286216  -  ResidentSetSize of job (KB)
...
006 (2661398.000.000) 06/25 07:22:22 Image size of job updated: 46898756
	8093  -  MemoryUsage of job (MB)
	8286216  -  ResidentSetSize of job (KB)
...
006 (2661398.000.000) 06/25 07:27:22 Image size of job updated: 47021420
	8093  -  MemoryUsage of job (MB)
	8286216  -  ResidentSetSize of job (KB)
...
006 (2661398.000.000) 06/25 07:32:22 Image size of job updated: 47174536
	8093  -  MemoryUsage of job (MB)
	8286216  -  ResidentSetSize of job (KB)
...
006 (2661398.000.000) 06/25 07:37:23 Image size of job updated: 47297188
	8093  -  MemoryUsage of job (MB)
	8286216  -  ResidentSetSize of job (KB)
...
006 (2661398.000.000) 06/25 07:42:24 Image size of job updated: 47455644
	8093  -  MemoryUsage of job (MB)
	8286216  -  ResidentSetSize of job (KB)
...
006 (2661398.000.000) 06/25 07:47:24 Image size of job updated: 47573956
	8093  -  MemoryUsage of job (MB)
	8286216  -  ResidentSetSize of job (KB)
...
006 (2661398.000.000) 06/25 07:52:24 Image size of job updated: 47725528
	8093  -  MemoryUsage of job (MB)
	8286216  -  ResidentSetSize of job (KB)
...
006 (2661398.000.000) 06/25 07:57:25 Image size of job updated: 47852024
	8093  -  MemoryUsage of job (MB)
	8286216  -  ResidentSetSize of job (KB)
...
006 (2661398.000.000) 06/25 08:02:25 Image size of job updated: 47987708
	8093  -  MemoryUsage of job (MB)
	8286216  -  ResidentSetSize of job (KB)
...
006 (2661398.000.000) 06/25 08:07:25 Image size of job updated: 48130816
	8093  -  MemoryUsage of job (MB)
	8286216  -  ResidentSetSize of job (KB)
...
006 (2661398.000.000) 06/25 08:10:34 Image size of job updated: 48202400
	8093  -  MemoryUsage of job (MB)
	8286216  -  ResidentSetSize of job (KB)
...
009 (2661398.000.000) 06/25 08:10:34 Job was aborted by the user.
	Job removed by SYSTEM_PERIODIC_REMOVE due to wall time exceeded allowed max.
...
